This is pdfTeX, Version 3.14159265-2.6-1.40.21 (MiKTeX 2.9.7300 64-bit) (preloaded format=pdflatex 2020.2.13)  19 MAR 2020 14:03
entering extended mode
**./main.tex
(main.tex
LaTeX2e <2020-02-02> patch level 1
L3 programming layer <2020-02-08>
("C:\Users\PROPIETARIO\AppData\Local\Programs\MiKTeX 2.9\tex/latex/base\book.cl
s"
Document Class: book 2019/12/20 v1.4l Standard LaTeX document class

("C:\Users\PROPIETARIO\AppData\Local\Programs\MiKTeX 2.9\tex/latex/base\bk12.cl
o"
File: bk12.clo 2019/12/20 v1.4l Standard LaTeX file (size option)
)
\c@part=\count167
\c@chapter=\count168
\c@section=\count169
\c@subsection=\count170
\c@subsubsection=\count171
\c@paragraph=\count172
\c@subparagraph=\count173
\c@figure=\count174
\c@table=\count175
\abovecaptionskip=\skip47
\belowcaptionskip=\skip48
\bibindent=\dimen134
)
("C:\Users\PROPIETARIO\AppData\Local\Programs\MiKTeX 2.9\tex/latex/geometry\geo
metry.sty"
Package: geometry 2020/01/02 v5.9 Page Geometry

("C:\Users\PROPIETARIO\AppData\Local\Programs\MiKTeX 2.9\tex/latex/graphics\key
val.sty"
Package: keyval 2014/10/28 v1.15 key=value parser (DPC)
\KV@toks@=\toks14
)
("C:\Users\PROPIETARIO\AppData\Local\Programs\MiKTeX 2.9\tex/generic/iftex\ifvt
ex.sty"
Package: ifvtex 2019/10/25 v1.7 ifvtex legacy package. Use iftex instead.

("C:\Users\PROPIETARIO\AppData\Local\Programs\MiKTeX 2.9\tex/generic/iftex\ifte
x.sty"
Package: iftex 2019/11/07 v1.0c TeX engine tests
))
\Gm@cnth=\count176
\Gm@cntv=\count177
\c@Gm@tempcnt=\count178
\Gm@bindingoffset=\dimen135
\Gm@wd@mp=\dimen136
\Gm@odd@mp=\dimen137
\Gm@even@mp=\dimen138
\Gm@layoutwidth=\dimen139
\Gm@layoutheight=\dimen140
\Gm@layouthoffset=\dimen141
\Gm@layoutvoffset=\dimen142
\Gm@dimlist=\toks15

("C:\Users\PROPIETARIO\AppData\Local\Programs\MiKTeX 2.9\tex/latex/geometry\geo
metry.cfg"))
("C:\Users\PROPIETARIO\AppData\Local\Programs\MiKTeX 2.9\tex/latex/base\inputen
c.sty"
Package: inputenc 2018/08/11 v1.3c Input encoding file
\inpenc@prehook=\toks16
\inpenc@posthook=\toks17
)
("C:\Users\PROPIETARIO\AppData\Local\Programs\MiKTeX 2.9\tex/latex/base\fontenc
.sty"
Package: fontenc 2020/01/25 v2.0m Standard LaTeX package
)
("C:\Users\PROPIETARIO\AppData\Local\Programs\MiKTeX 2.9\tex/generic/babel\babe
l.sty"
Package: babel 2020/02/03 3.39 The Babel package

("C:\Users\PROPIETARIO\AppData\Local\Programs\MiKTeX 2.9\tex/generic/babel\swit
ch.def"
File: switch.def 2020/02/03 3.39 Babel switching mechanism
)
*************************************
* Local config file bblopts.cfg used
*

("C:\Users\PROPIETARIO\AppData\Local\Programs\MiKTeX 2.9\tex/latex/arabi\bblopt
s.cfg"
File: bblopts.cfg 2005/09/08 v0.1 add Arabic and Farsi to "declared" options of
 babel
)
("C:\Users\PROPIETARIO\AppData\Local\Programs\MiKTeX 2.9\tex/latex/babel-spanis
h\spanish.ldf"
Language: spanish.ldf 2016/03/03 v5.0p Spanish support from the babel system

("C:\Users\PROPIETARIO\AppData\Local\Programs\MiKTeX 2.9\tex/generic/babel\babe
l.def"
File: babel.def 2020/02/03 3.39 Babel common definitions
\babel@savecnt=\count179
\U@D=\dimen143

("C:\Users\PROPIETARIO\AppData\Local\Programs\MiKTeX 2.9\tex/generic/babel\txtb
abel.def")
\bbl@readstream=\read2
\bbl@dirlevel=\count180
)
\es@quottoks=\toks18
\es@quotdepth=\count181
))
("C:\Users\PROPIETARIO\AppData\Local\Programs\MiKTeX 2.9\tex/latex/base\textcom
p.sty"
Package: textcomp 2020/02/02 v2.0n Standard LaTeX package
)
("C:\Users\PROPIETARIO\AppData\Local\Programs\MiKTeX 2.9\tex/latex/preprint\ful
lpage.sty"
Package: fullpage 1999/02/23 1.1 (PWD)
\FP@margin=\skip49
)
("C:\Users\PROPIETARIO\AppData\Local\Programs\MiKTeX 2.9\tex/latex/csquotes\csq
uotes.sty"
Package: csquotes 2019-12-06 v5.2j context-sensitive quotations (JAW)

("C:\Users\PROPIETARIO\AppData\Local\Programs\MiKTeX 2.9\tex/latex/etoolbox\eto
olbox.sty"
Package: etoolbox 2019/09/21 v2.5h e-TeX tools for LaTeX (JAW)
\etb@tempcnta=\count182
)
\csq@reset=\count183
\csq@gtype=\count184
\csq@glevel=\count185
\csq@qlevel=\count186
\csq@maxlvl=\count187
\csq@tshold=\count188
\csq@ltx@everypar=\toks19

("C:\Users\PROPIETARIO\AppData\Local\Programs\MiKTeX 2.9\tex/latex/csquotes\csq
uotes.def"
File: csquotes.def 2019-12-06 v5.2j csquotes generic definitions (JAW)
)
Package csquotes Info: Trying to load configuration file 'csquotes.cfg'...
Package csquotes Info: ... configuration file loaded successfully.

("C:\Users\PROPIETARIO\AppData\Local\Programs\MiKTeX 2.9\tex/latex/csquotes\csq
uotes.cfg"
File: csquotes.cfg 
))
("C:\Users\PROPIETARIO\AppData\Local\Programs\MiKTeX 2.9\tex/latex/url\url.sty"
\Urlmuskip=\muskip16
Package: url 2013/09/16  ver 3.4  Verb mode for urls, etc.
)
("C:\Users\PROPIETARIO\AppData\Local\Programs\MiKTeX 2.9\tex/latex/psnfss\newce
nt.sty"
Package: newcent 2005/04/12 PSNFSS-v9.2a (SPQR) 
)
("C:\Users\PROPIETARIO\AppData\Local\Programs\MiKTeX 2.9\tex/latex/graphics\gra
phicx.sty"
Package: graphicx 2019/11/30 v1.2a Enhanced LaTeX Graphics (DPC,SPQR)

("C:\Users\PROPIETARIO\AppData\Local\Programs\MiKTeX 2.9\tex/latex/graphics\gra
phics.sty"
Package: graphics 2019/11/30 v1.4a Standard LaTeX Graphics (DPC,SPQR)

("C:\Users\PROPIETARIO\AppData\Local\Programs\MiKTeX 2.9\tex/latex/graphics\tri
g.sty"
Package: trig 2016/01/03 v1.10 sin cos tan (DPC)
)
("C:\Users\PROPIETARIO\AppData\Local\Programs\MiKTeX 2.9\tex/latex/graphics-cfg
\graphics.cfg"
File: graphics.cfg 2016/06/04 v1.11 sample graphics configuration
)
Package graphics Info: Driver file: pdftex.def on input line 105.

("C:\Users\PROPIETARIO\AppData\Local\Programs\MiKTeX 2.9\tex/latex/graphics-def
\pdftex.def"
File: pdftex.def 2018/01/08 v1.0l Graphics/color driver for pdftex
))
\Gin@req@height=\dimen144
\Gin@req@width=\dimen145
)
("C:\Users\PROPIETARIO\AppData\Local\Programs\MiKTeX 2.9\tex/latex/caption\capt
ion.sty"
Package: caption 2020/01/03 v3.4h Customizing captions (AR)

("C:\Users\PROPIETARIO\AppData\Local\Programs\MiKTeX 2.9\tex/latex/caption\capt
ion3.sty"
Package: caption3 2020/01/03 v1.8h caption3 kernel (AR)
Package caption3 Info: TeX engine: e-TeX on input line 61.
\captionmargin=\dimen146
\captionmargin@=\dimen147
\captionwidth=\dimen148
\caption@tempdima=\dimen149
\caption@indent=\dimen150
\caption@parindent=\dimen151
\caption@hangindent=\dimen152
Package caption Info: Standard document class detected.
)
\c@caption@flags=\count189
\c@continuedfloat=\count190
)
("C:\Users\PROPIETARIO\AppData\Local\Programs\MiKTeX 2.9\tex/latex/base\makeidx
.sty"
Package: makeidx 2014/09/29 v1.0m Standard LaTeX package
)
("C:\Users\PROPIETARIO\AppData\Local\Programs\MiKTeX 2.9\tex/latex/vmargin\vmar
gin.sty"
Package: vmargin 2004/07/15 V2.5 set document margins (VK)

Package: vmargin 2004/07/15 V2.5 set document margins (VK)
\PaperWidth=\dimen153
\PaperHeight=\dimen154
)
("C:\Users\PROPIETARIO\AppData\Local\Programs\MiKTeX 2.9\tex/latex/multirow\mul
tirow.sty"
Package: multirow 2019/05/31 v2.5 Span multiple rows of a table
\multirow@colwidth=\skip50
\multirow@cntb=\count191
\multirow@dima=\skip51
\bigstrutjot=\dimen155
)
("C:\Users\PROPIETARIO\AppData\Local\Programs\MiKTeX 2.9\tex/latex/xcolor\xcolo
r.sty"
Package: xcolor 2016/05/11 v2.12 LaTeX color extensions (UK)

("C:\Users\PROPIETARIO\AppData\Local\Programs\MiKTeX 2.9\tex/latex/graphics-cfg
\color.cfg"
File: color.cfg 2016/01/02 v1.6 sample color configuration
)
Package xcolor Info: Driver file: pdftex.def on input line 225.

("C:\Users\PROPIETARIO\AppData\Local\Programs\MiKTeX 2.9\tex/latex/colortbl\col
ortbl.sty"
Package: colortbl 2020/01/04 v1.0e Color table columns (DPC)

("C:\Users\PROPIETARIO\AppData\Local\Programs\MiKTeX 2.9\tex/latex/tools\array.
sty"
Package: array 2019/08/31 v2.4l Tabular extension package (FMi)
\col@sep=\dimen156
\ar@mcellbox=\box45
\extrarowheight=\dimen157
\NC@list=\toks20
\extratabsurround=\skip52
\backup@length=\skip53
\ar@cellbox=\box46
)
\everycr=\toks21
\minrowclearance=\skip54
)
\rownum=\count192
Package xcolor Info: Model `cmy' substituted by `cmy0' on input line 1348.
Package xcolor Info: Model `hsb' substituted by `rgb' on input line 1352.
Package xcolor Info: Model `RGB' extended on input line 1364.
Package xcolor Info: Model `HTML' substituted by `rgb' on input line 1366.
Package xcolor Info: Model `Hsb' substituted by `hsb' on input line 1367.
Package xcolor Info: Model `tHsb' substituted by `hsb' on input line 1368.
Package xcolor Info: Model `HSB' substituted by `hsb' on input line 1369.
Package xcolor Info: Model `Gray' substituted by `gray' on input line 1370.
Package xcolor Info: Model `wave' substituted by `hsb' on input line 1371.
)
("C:\Users\PROPIETARIO\AppData\Local\Programs\MiKTeX 2.9\tex/latex/pdfpages\pdf
pages.sty"
Package: pdfpages 2020/01/28 v0.5q Insert pages of external PDF documents (AM)

("C:\Users\PROPIETARIO\AppData\Local\Programs\MiKTeX 2.9\tex/latex/base\ifthen.
sty"
Package: ifthen 2014/09/29 v1.1c Standard LaTeX ifthen package (DPC)
)
("C:\Users\PROPIETARIO\AppData\Local\Programs\MiKTeX 2.9\tex/latex/tools\calc.s
ty"
Package: calc 2017/05/25 v4.3 Infix arithmetic (KKT,FJ)
\calc@Acount=\count193
\calc@Bcount=\count194
\calc@Adimen=\dimen158
\calc@Bdimen=\dimen159
\calc@Askip=\skip55
\calc@Bskip=\skip56
LaTeX Info: Redefining \setlength on input line 80.
LaTeX Info: Redefining \addtolength on input line 81.
\calc@Ccount=\count195
\calc@Cskip=\skip57
)
("C:\Users\PROPIETARIO\AppData\Local\Programs\MiKTeX 2.9\tex/latex/eso-pic\eso-
pic.sty"
Package: eso-pic 2018/04/12 v2.0h eso-pic (RN)

("C:\Users\PROPIETARIO\AppData\Local\Programs\MiKTeX 2.9\tex/generic/atbegshi\a
tbegshi.sty"
Package: atbegshi 2019/12/05 v1.19 At begin shipout hook (HO)

("C:\Users\PROPIETARIO\AppData\Local\Programs\MiKTeX 2.9\tex/generic/infwarerr\
infwarerr.sty"
Package: infwarerr 2019/12/03 v1.5 Providing info/warning/error messages (HO)
)
("C:\Users\PROPIETARIO\AppData\Local\Programs\MiKTeX 2.9\tex/generic/ltxcmds\lt
xcmds.sty"
Package: ltxcmds 2019/12/15 v1.24 LaTeX kernel commands for general use (HO)
)))
\AM@pagewidth=\dimen160
\AM@pageheight=\dimen161

("C:\Users\PROPIETARIO\AppData\Local\Programs\MiKTeX 2.9\tex/latex/pdfpages\ppp
dftex.def"
File: pppdftex.def 2020/01/28 v0.5q Pdfpages driver for pdfTeX (AM)
)
\AM@pagebox=\box47
\AM@global@opts=\toks22
\AM@pagecnt=\count196
\AM@toc@title=\toks23
\c@AM@survey=\count197
\AM@templatesizebox=\box48
)
("C:\Users\PROPIETARIO\AppData\Local\Programs\MiKTeX 2.9\tex/latex/tools\tabula
rx.sty"
Package: tabularx 2020/01/15 v2.11c `tabularx' package (DPC)
\TX@col@width=\dimen162
\TX@old@table=\dimen163
\TX@old@col=\dimen164
\TX@target=\dimen165
\TX@delta=\dimen166
\TX@cols=\count198
\TX@ftn=\toks24
)
("C:\Users\PROPIETARIO\AppData\Local\Programs\MiKTeX 2.9\tex/latex/graphics\rot
ating.sty"
Package: rotating 2016/08/11 v2.16d rotated objects in LaTeX
\c@r@tfl@t=\count199
\rotFPtop=\skip58
\rotFPbot=\skip59
\rot@float@box=\box49
\rot@mess@toks=\toks25
)
("C:\Users\PROPIETARIO\AppData\Local\Programs\MiKTeX 2.9\tex/latex/float\float.
sty"
Package: float 2001/11/08 v1.3d Float enhancements (AL)
\c@float@type=\count266
\float@exts=\toks26
\float@box=\box50
\@float@everytoks=\toks27
\@floatcapt=\box51
)
("C:\Users\PROPIETARIO\AppData\Local\Programs\MiKTeX 2.9\tex/latex/ragged2e\rag
ged2e.sty"
Package: ragged2e 2019/07/28 v2.2 ragged2e Package (MS)

("C:\Users\PROPIETARIO\AppData\Local\Programs\MiKTeX 2.9\tex/latex/ms\everysel.
sty"
Package: everysel 2011/10/28 v1.2 EverySelectfont Package (MS)
)
\CenteringLeftskip=\skip60
\RaggedLeftLeftskip=\skip61
\RaggedRightLeftskip=\skip62
\CenteringRightskip=\skip63
\RaggedLeftRightskip=\skip64
\RaggedRightRightskip=\skip65
\CenteringParfillskip=\skip66
\RaggedLeftParfillskip=\skip67
\RaggedRightParfillskip=\skip68
\JustifyingParfillskip=\skip69
\CenteringParindent=\skip70
\RaggedLeftParindent=\skip71
\RaggedRightParindent=\skip72
\JustifyingParindent=\skip73
)
("C:\Users\PROPIETARIO\AppData\Local\Programs\MiKTeX 2.9\tex/latex/listings\lis
tings.sty"
\lst@mode=\count267
\lst@gtempboxa=\box52
\lst@token=\toks28
\lst@length=\count268
\lst@currlwidth=\dimen167
\lst@column=\count269
\lst@pos=\count270
\lst@lostspace=\dimen168
\lst@width=\dimen169
\lst@newlines=\count271
\lst@lineno=\count272
\lst@maxwidth=\dimen170

("C:\Users\PROPIETARIO\AppData\Local\Programs\MiKTeX 2.9\tex/latex/listings\lst
misc.sty"
File: lstmisc.sty 2019/09/10 1.8c (Carsten Heinz)
\c@lstnumber=\count273
\lst@skipnumbers=\count274
\lst@framebox=\box53
)
("C:\Users\PROPIETARIO\AppData\Local\Programs\MiKTeX 2.9\tex/latex/listings\lis
tings.cfg"
File: listings.cfg 2019/09/10 1.8c listings configuration
))
Package: listings 2019/09/10 1.8c (Carsten Heinz)

("C:\Users\PROPIETARIO\AppData\Local\Programs\MiKTeX 2.9\tex/latex/hyperref\hyp
erref.sty"
Package: hyperref 2020/01/14 v7.00d Hypertext links for LaTeX

("C:\Users\PROPIETARIO\AppData\Local\Programs\MiKTeX 2.9\tex/latex/pdftexcmds\p
dftexcmds.sty"
Package: pdftexcmds 2019/11/24 v0.31 Utility functions of pdfTeX for LuaTeX (HO
)
Package pdftexcmds Info: \pdf@primitive is available.
Package pdftexcmds Info: \pdf@ifprimitive is available.
Package pdftexcmds Info: \pdfdraftmode found.
)
("C:\Users\PROPIETARIO\AppData\Local\Programs\MiKTeX 2.9\tex/generic/kvsetkeys\
kvsetkeys.sty"
Package: kvsetkeys 2019/12/15 v1.18 Key value parser (HO)
)
("C:\Users\PROPIETARIO\AppData\Local\Programs\MiKTeX 2.9\tex/generic/kvdefineke
ys\kvdefinekeys.sty"
Package: kvdefinekeys 2019-12-19 v1.6 Define keys (HO)
)
("C:\Users\PROPIETARIO\AppData\Local\Programs\MiKTeX 2.9\tex/generic/pdfescape\
pdfescape.sty"
Package: pdfescape 2019/12/09 v1.15 Implements pdfTeX's escape features (HO)
)
("C:\Users\PROPIETARIO\AppData\Local\Programs\MiKTeX 2.9\tex/latex/hycolor\hyco
lor.sty"
Package: hycolor 2020-01-27 v1.10 Color options for hyperref/bookmark (HO)
)
("C:\Users\PROPIETARIO\AppData\Local\Programs\MiKTeX 2.9\tex/latex/letltxmacro\
letltxmacro.sty"
Package: letltxmacro 2019/12/03 v1.6 Let assignment for LaTeX macros (HO)
)
("C:\Users\PROPIETARIO\AppData\Local\Programs\MiKTeX 2.9\tex/latex/auxhook\auxh
ook.sty"
Package: auxhook 2019-12-17 v1.6 Hooks for auxiliary files (HO)
)
("C:\Users\PROPIETARIO\AppData\Local\Programs\MiKTeX 2.9\tex/latex/kvoptions\kv
options.sty"
Package: kvoptions 2019/11/29 v3.13 Key value format for package options (HO)
)
\@linkdim=\dimen171
\Hy@linkcounter=\count275
\Hy@pagecounter=\count276

("C:\Users\PROPIETARIO\AppData\Local\Programs\MiKTeX 2.9\tex/latex/hyperref\pd1
enc.def"
File: pd1enc.def 2020/01/14 v7.00d Hyperref: PDFDocEncoding definition (HO)
Now handling font encoding PD1 ...
... no UTF-8 mapping file for font encoding PD1
)
("C:\Users\PROPIETARIO\AppData\Local\Programs\MiKTeX 2.9\tex/generic/intcalc\in
tcalc.sty"
Package: intcalc 2019/12/15 v1.3 Expandable calculations with integers (HO)
)
("C:\Users\PROPIETARIO\AppData\Local\Programs\MiKTeX 2.9\tex/generic/etexcmds\e
texcmds.sty"
Package: etexcmds 2019/12/15 v1.7 Avoid name clashes with e-TeX commands (HO)
)
\Hy@SavedSpaceFactor=\count277
Package hyperref Info: Hyper figures OFF on input line 4547.
Package hyperref Info: Link nesting OFF on input line 4552.
Package hyperref Info: Hyper index ON on input line 4555.
Package hyperref Info: Plain pages OFF on input line 4562.
Package hyperref Info: Backreferencing OFF on input line 4567.
Package hyperref Info: Implicit mode ON; LaTeX internals redefined.
Package hyperref Info: Bookmarks ON on input line 4800.
\c@Hy@tempcnt=\count278
LaTeX Info: Redefining \url on input line 5159.
\XeTeXLinkMargin=\dimen172

("C:\Users\PROPIETARIO\AppData\Local\Programs\MiKTeX 2.9\tex/generic/bitset\bit
set.sty"
Package: bitset 2019/12/09 v1.3 Handle bit-vector datatype (HO)

("C:\Users\PROPIETARIO\AppData\Local\Programs\MiKTeX 2.9\tex/generic/bigintcalc
\bigintcalc.sty"
Package: bigintcalc 2019/12/15 v1.5 Expandable calculations on big integers (HO
)
))
\Fld@menulength=\count279
\Field@Width=\dimen173
\Fld@charsize=\dimen174
Package hyperref Info: Hyper figures OFF on input line 6430.
Package hyperref Info: Link nesting OFF on input line 6435.
Package hyperref Info: Hyper index ON on input line 6438.
Package hyperref Info: backreferencing OFF on input line 6445.
Package hyperref Info: Link coloring OFF on input line 6450.
Package hyperref Info: Link coloring with OCG OFF on input line 6455.
Package hyperref Info: PDF/A mode OFF on input line 6460.
LaTeX Info: Redefining \ref on input line 6500.
LaTeX Info: Redefining \pageref on input line 6504.
\Hy@abspage=\count280
\c@Item=\count281
\c@Hfootnote=\count282
)
Package hyperref Info: Driver (autodetected): hpdftex.

("C:\Users\PROPIETARIO\AppData\Local\Programs\MiKTeX 2.9\tex/latex/hyperref\hpd
ftex.def"
File: hpdftex.def 2020/01/14 v7.00d Hyperref driver for pdfTeX

("C:\Users\PROPIETARIO\AppData\Local\Programs\MiKTeX 2.9\tex/latex/atveryend\at
veryend.sty"
Package: atveryend 2019-12-11 v1.11 Hooks at the very end of document (HO)
)
\Fld@listcount=\count283
\c@bookmark@seq@number=\count284

("C:\Users\PROPIETARIO\AppData\Local\Programs\MiKTeX 2.9\tex/latex/rerunfileche
ck\rerunfilecheck.sty"
Package: rerunfilecheck 2019/12/05 v1.9 Rerun checks for auxiliary files (HO)

("C:\Users\PROPIETARIO\AppData\Local\Programs\MiKTeX 2.9\tex/generic/uniquecoun
ter\uniquecounter.sty"
Package: uniquecounter 2019/12/15 v1.4 Provide unlimited unique counter (HO)
)
Package uniquecounter Info: New unique counter `rerunfilecheck' on input line 2
86.
)
\Hy@SectionHShift=\skip74
)
("C:\Users\PROPIETARIO\AppData\Local\Programs\MiKTeX 2.9\tex/latex/natbib\natbi
b.sty"
Package: natbib 2010/09/13 8.31b (PWD, AO)
\bibhang=\skip75
\bibsep=\skip76
LaTeX Info: Redefining \cite on input line 694.
\c@NAT@ctr=\count285
)
("C:\Users\PROPIETARIO\AppData\Local\Programs\MiKTeX 2.9\tex/latex/tools\longta
ble.sty"
Package: longtable 2020/01/07 v4.13 Multi-page Table package (DPC)
\LTleft=\skip77
\LTright=\skip78
\LTpre=\skip79
\LTpost=\skip80
\LTchunksize=\count286
\LTcapwidth=\dimen175
\LT@head=\box54
\LT@firsthead=\box55
\LT@foot=\box56
\LT@lastfoot=\box57
\LT@cols=\count287
\LT@rows=\count288
\c@LT@tables=\count289
\c@LT@chunks=\count290
\LT@p@ftn=\toks29
)
("C:\Users\PROPIETARIO\AppData\Local\Programs\MiKTeX 2.9\tex/latex/booktabs\boo
ktabs.sty"
Package: booktabs 2020/01/12 v1.61803398 Publication quality tables
\heavyrulewidth=\dimen176
\lightrulewidth=\dimen177
\cmidrulewidth=\dimen178
\belowrulesep=\dimen179
\belowbottomsep=\dimen180
\aboverulesep=\dimen181
\abovetopsep=\dimen182
\cmidrulesep=\dimen183
\cmidrulekern=\dimen184
\defaultaddspace=\dimen185
\@cmidla=\count291
\@cmidlb=\count292
\@aboverulesep=\dimen186
\@belowrulesep=\dimen187
\@thisruleclass=\count293
\@lastruleclass=\count294
\@thisrulewidth=\dimen188
)
("C:\Users\PROPIETARIO\AppData\Local\Programs\MiKTeX 2.9\tex/latex/fancyhdr\fan
cyhdr.sty"
Package: fancyhdr 2019/01/31 v3.10 Extensive control of page headers and footer
s
\f@nch@headwidth=\skip81
\f@nch@O@elh=\skip82
\f@nch@O@erh=\skip83
\f@nch@O@olh=\skip84
\f@nch@O@orh=\skip85
\f@nch@O@elf=\skip86
\f@nch@O@erf=\skip87
\f@nch@O@olf=\skip88
\f@nch@O@orf=\skip89
)
\@indexfile=\write3
\openout3 = `main.idx'.


Writing index file main.idx
Package csquotes Info: Checking for multilingual support...
Package csquotes Info: ... found 'babel' package.
Package csquotes Info: Adjusting default style.
Package csquotes Info: Redefining alias 'default' -> 'spanish'.

("C:\Users\PROPIETARIO\AppData\Local\Programs\MiKTeX 2.9\tex/latex/l3backend\l3
backend-pdfmode.def"
File: l3backend-pdfmode.def 2020-02-03 L3 backend support: PDF mode
\l__kernel_color_stack_int=\count295
\l__pdf_internal_box=\box58
) (main.aux (portada.aux)
LaTeX Info: Redefining \. on input line 22.
LaTeX Info: Redefining \% on input line 22.
 (agradecimientos.aux)
(resumen.aux) (capitulos/introduccion.aux) (capitulos/estado-del-arte.aux)
(capitulos/marco-contextual.aux) (capitulos/desarrollo.aux)
(capitulos/conclusion.aux) (capitulos/anexos.aux))
\openout1 = `main.aux'.

LaTeX Font Info:    Checking defaults for OML/cmm/m/it on input line 42.
LaTeX Font Info:    ... okay on input line 42.
LaTeX Font Info:    Checking defaults for OMS/cmsy/m/n on input line 42.
LaTeX Font Info:    ... okay on input line 42.
LaTeX Font Info:    Checking defaults for OT1/cmr/m/n on input line 42.
LaTeX Font Info:    ... okay on input line 42.
LaTeX Font Info:    Checking defaults for T1/cmr/m/n on input line 42.
LaTeX Font Info:    ... okay on input line 42.
LaTeX Font Info:    Checking defaults for TS1/cmr/m/n on input line 42.
LaTeX Font Info:    ... okay on input line 42.
LaTeX Font Info:    Checking defaults for OMX/cmex/m/n on input line 42.
LaTeX Font Info:    ... okay on input line 42.
LaTeX Font Info:    Checking defaults for U/cmr/m/n on input line 42.
LaTeX Font Info:    ... okay on input line 42.
LaTeX Font Info:    Checking defaults for PD1/pdf/m/n on input line 42.
LaTeX Font Info:    ... okay on input line 42.
LaTeX Font Info:    Trying to load font information for T1+pnc on input line 42
.

("C:\Users\PROPIETARIO\AppData\Local\Programs\MiKTeX 2.9\tex/latex/psnfss\t1pnc
.fd"
File: t1pnc.fd 2001/06/04 font definitions for T1/pnc.
)
*geometry* driver: auto-detecting
*geometry* detected driver: pdftex
*geometry* verbose mode - [ preamble ] result:
* driver: pdftex
* paper: letterpaper
* layout: <same size as paper>
* layoutoffset:(h,v)=(0.0pt,0.0pt)
* modes: twoside 
* h-part:(L,W,R)=(72.2698pt, 469.75539pt, 72.2698pt)
* v-part:(T,H,B)=(72.2698pt, 650.43037pt, 72.2698pt)
* \paperwidth=598.14806pt
* \paperheight=845.90042pt
* \textwidth=427.43153pt
* \textheight=671.71976pt
* \oddsidemargin=99.58464pt
* \evensidemargin=71.13188pt
* \topmargin=56.9055pt
* \headheight=12.0pt
* \headsep=31.29802pt
* \topskip=12.0pt
* \footskip=31.29802pt
* \marginparwidth=98.0pt
* \marginparsep=7.0pt
* \columnsep=10.0pt
* \skip\footins=10.8pt plus 4.0pt minus 2.0pt
* \hoffset=-72.26999pt
* \voffset=-72.26999pt
* \mag=1000
* \@twocolumnfalse
* \@twosidetrue
* \@mparswitchtrue
* \@reversemarginfalse
* (1in=72.27pt=25.4mm, 1cm=28.453pt)

LaTeX Info: Redefining \. on input line 42.
LaTeX Info: Redefining \% on input line 42.

("C:\Users\PROPIETARIO\AppData\Local\Programs\MiKTeX 2.9\tex/context/base/mkii\
supp-pdf.mkii"
[Loading MPS to PDF converter (version 2006.09.02).]
\scratchcounter=\count296
\scratchdimen=\dimen189
\scratchbox=\box59
\nofMPsegments=\count297
\nofMParguments=\count298
\everyMPshowfont=\toks30
\MPscratchCnt=\count299
\MPscratchDim=\dimen190
\MPnumerator=\count300
\makeMPintoPDFobject=\count301
\everyMPtoPDFconversion=\toks31
)
("C:\Users\PROPIETARIO\AppData\Local\Programs\MiKTeX 2.9\tex/latex/epstopdf-pkg
\epstopdf-base.sty"
Package: epstopdf-base 2020-01-24 v2.11 Base part for package epstopdf
Package epstopdf-base Info: Redefining graphics rule for `.eps' on input line 4
85.
)
Package caption Info: Begin \AtBeginDocument code.
Package caption Info: float package is loaded.
Package caption Info: hyperref package is loaded.
Package caption Info: listings package is loaded.
Package caption Info: longtable package is loaded.

("C:\Users\PROPIETARIO\AppData\Local\Programs\MiKTeX 2.9\tex/latex/caption\ltca
ption.sty"
Package: ltcaption 2018/08/26 v1.4a longtable captions (AR)
)
Package caption Info: rotating package is loaded.
Package caption Info: End \AtBeginDocument code.
\AtBeginShipoutBox=\box60

("C:\Users\PROPIETARIO\AppData\Local\Programs\MiKTeX 2.9\tex/latex/pdflscape\pd
flscape.sty"
Package: pdflscape 2019/12/05 v0.12 Display of landscape pages in PDF (HO)

("C:\Users\PROPIETARIO\AppData\Local\Programs\MiKTeX 2.9\tex/latex/graphics\lsc
ape.sty"
Package: lscape 2000/10/22 v3.01 Landscape Pages (DPC)
)
Package pdflscape Info: Auto-detected driver: pdftex on input line 81.
) ABD: EverySelectfont initializing macros
LaTeX Info: Redefining \selectfont on input line 42.
\c@lstlisting=\count302
Package hyperref Info: Link coloring OFF on input line 42.

("C:\Users\PROPIETARIO\AppData\Local\Programs\MiKTeX 2.9\tex/latex/hyperref\nam
eref.sty"
Package: nameref 2019/09/16 v2.46 Cross-referencing by name of section

("C:\Users\PROPIETARIO\AppData\Local\Programs\MiKTeX 2.9\tex/latex/refcount\ref
count.sty"
Package: refcount 2019/12/15 v3.6 Data extraction from label references (HO)
)
("C:\Users\PROPIETARIO\AppData\Local\Programs\MiKTeX 2.9\tex/generic/gettitlest
ring\gettitlestring.sty"
Package: gettitlestring 2019/12/15 v1.6 Cleanup title references (HO)
)
\c@section@level=\count303
)
LaTeX Info: Redefining \ref on input line 42.
LaTeX Info: Redefining \pageref on input line 42.
LaTeX Info: Redefining \nameref on input line 42.
 (main.out) (main.out)
\@outlinefile=\write4
\openout4 = `main.out'.

\openout2 = `portada.aux'.

 (portada.tex
<imagenes/logo.png, id=279, 803.0pt x 963.6pt>
File: imagenes/logo.png Graphic file (type png)
<use imagenes/logo.png>
Package pdftex.def Info: imagenes/logo.png  used on input line 4.
(pdftex.def)             Requested size: 160.59715pt x 192.71658pt.
LaTeX Font Info:    External font `cmex10' loaded for size
(Font)              <12> on input line 36.
LaTeX Font Info:    External font `cmex10' loaded for size
(Font)              <8> on input line 36.
LaTeX Font Info:    External font `cmex10' loaded for size
(Font)              <6> on input line 36.
 [1



{C:/Users/PROPIETARIO/AppData/Local/MiKTeX/2.9/pdftex/config/pdftex.map} <./ima
genes/logo.png>])
\openout2 = `agradecimientos.aux'.

 (agradecimientos.tex

Package Fancyhdr Warning: \headheight is too small (12.0pt): 
Make it at least 14.49998pt.
We now make it that large for the rest of the document.
This may cause the page layout to be inconsistent, however.

[2



]
Underfull \hbox (badness 10000) in paragraph at lines 3--4

 []


Underfull \hbox (badness 10000) in paragraph at lines 5--6

 []


Underfull \hbox (badness 10000) in paragraph at lines 7--8

 []


Underfull \hbox (badness 10000) in paragraph at lines 9--10

 []


Underfull \hbox (badness 10000) in paragraph at lines 11--12

 []


Underfull \hbox (badness 10000) in paragraph at lines 13--14

 []


Underfull \hbox (badness 10000) in paragraph at lines 15--16

 []


Underfull \hbox (badness 10000) in paragraph at lines 17--18

 []

) [3]
\openout2 = `resumen.aux'.

 (resumen.tex [4



]) [5] [6


] (main.toc
LaTeX Info: Redefining \. on input line 1.
LaTeX Info: Redefining \% on input line 1.
 [7])
\tf@toc=\write5
\openout5 = `main.toc'.

LaTeX Info: Redefining \. on input line 52.
LaTeX Info: Redefining \% on input line 52.


Package Fancyhdr Warning: \headheight is too small (14.49998pt): 
Make it at least 15.77998pt.
We now make it that large for the rest of the document.
This may cause the page layout to be inconsistent, however.

LaTeX Info: Redefining \. on input line 52.
LaTeX Info: Redefining \% on input line 52.
[8] (main.lof
LaTeX Info: Redefining \. on input line 1.
LaTeX Info: Redefining \% on input line 1.
)
\tf@lof=\write6
\openout6 = `main.lof'.

 [9

]
LaTeX Info: Redefining \. on input line 53.
LaTeX Info: Redefining \% on input line 53.
LaTeX Info: Redefining \. on input line 53.
LaTeX Info: Redefining \% on input line 53.
 [10

] (main.lot
LaTeX Info: Redefining \. on input line 1.
LaTeX Info: Redefining \% on input line 1.
)
\tf@lot=\write7
\openout7 = `main.lot'.


Underfull \vbox (badness 10000) has occurred while \output is active []

 [11]
\openout2 = `capitulos/introduccion.aux'.


(capitulos/introduccion.tex
Cap√≠tulo 1.

Overfull \hbox (4.12016pt too wide) in paragraph at lines 7--8
\T1/pnc/m/n/12 tar-se a las ne-ce-si-da-des de cual-quier or-ga-ni-za-ciÛn, ade
-m·s de me-jo-rar el desem-
 []

[1


])
LaTeX Info: Redefining \. on input line 60.
LaTeX Info: Redefining \% on input line 60.
LaTeX Info: Redefining \. on input line 60.
LaTeX Info: Redefining \% on input line 60.
 [2]
\openout2 = `capitulos/estado-del-arte.aux'.

 (capitulos/estado-del-arte.tex
Cap√≠tulo 2.

Overfull \hbox (27.80481pt too wide) in paragraph at lines 21--60
 [][] 
 []

) [3



]
LaTeX Info: Redefining \. on input line 61.
LaTeX Info: Redefining \% on input line 61.
LaTeX Info: Redefining \. on input line 61.
LaTeX Info: Redefining \% on input line 61.
 [4]
\openout2 = `capitulos/marco-contextual.aux'.

 (capitulos/marco-contextual.tex
Cap√≠tulo 3.
[5



]
Package textcomp Info: Symbol \textasciiacute not provided by
(textcomp)             font family pnc in TS1 encoding.
(textcomp)             Default family used instead on input line 19.

Overfull \hbox (3.13133pt too wide) in paragraph at lines 23--23
[]\T1/pnc/b/n/17.28 ProgramaciÛn Ex-tre-ma (eX-tre-me Pro-gram-
 []

LaTeX Info: Redefining \. on input line 38.
LaTeX Info: Redefining \% on input line 38.
LaTeX Info: Redefining \. on input line 38.
LaTeX Info: Redefining \% on input line 38.
[6]
<imagenes/procesoxp.jpg, id=493, 395.22656pt x 267.24844pt>
File: imagenes/procesoxp.jpg Graphic file (type jpg)
<use imagenes/procesoxp.jpg>
Package pdftex.def Info: imagenes/procesoxp.jpg  used on input line 50.
(pdftex.def)             Requested size: 395.22559pt x 267.24779pt.
LaTeX Info: Redefining \. on input line 58.
LaTeX Info: Redefining \% on input line 58.
LaTeX Info: Redefining \. on input line 58.
LaTeX Info: Redefining \% on input line 58.
 [7 <./imagenes/procesoxp.jpg>]
LaTeX Font Info:    External font `cmex10' loaded for size
(Font)              <10.95> on input line 62.

Underfull \hbox (badness 10000) in paragraph at lines 67--67
[]|\T1/pnc/b/n/10.95 EstimaciÛn:
 []


Overfull \hbox (11.80278pt too wide) in paragraph at lines 67--68
[]|\T1/pnc/b/n/10.95 Dependencias:| 
 []


Overfull \hbox (12.15979pt too wide) in paragraph at lines 62--77
[][] 
 []

LaTeX Info: Redefining \. on input line 98.
LaTeX Info: Redefining \% on input line 98.
LaTeX Info: Redefining \. on input line 98.
LaTeX Info: Redefining \% on input line 98.
[8]
LaTeX Info: Redefining \. on input line 118.
LaTeX Info: Redefining \% on input line 118.
LaTeX Info: Redefining \. on input line 118.
LaTeX Info: Redefining \% on input line 118.
 [9]
<imagenes/clase.jpg, id=527, 71.51718pt x 139.27031pt>
File: imagenes/clase.jpg Graphic file (type jpg)
<use imagenes/clase.jpg>
Package pdftex.def Info: imagenes/clase.jpg  used on input line 123.
(pdftex.def)             Requested size: 71.517pt x 139.26996pt.
<imagenes/interfaz.jpg, id=528, 77.53969pt x 33.87656pt>
File: imagenes/interfaz.jpg Graphic file (type jpg)
<use imagenes/interfaz.jpg>
Package pdftex.def Info: imagenes/interfaz.jpg  used on input line 134.
(pdftex.def)             Requested size: 77.53947pt x 33.87646pt.
<imagenes/colaboracion.jpg, id=529, 126.4725pt x 67.75313pt>
File: imagenes/colaboracion.jpg Graphic file (type jpg)
<use imagenes/colaboracion.jpg>
Package pdftex.def Info: imagenes/colaboracion.jpg  used on input line 145.
(pdftex.def)             Requested size: 126.47218pt x 67.75294pt.
LaTeX Info: Redefining \. on input line 150.
LaTeX Info: Redefining \% on input line 150.
LaTeX Info: Redefining \. on input line 150.
LaTeX Info: Redefining \% on input line 150.
 [10 <./imagenes/clase.jpg> <./imagenes/interfaz.jpg>]
<imagenes/caso-de-uso.jpg, id=535, 145.29282pt x 79.79813pt>
File: imagenes/caso-de-uso.jpg Graphic file (type jpg)
<use imagenes/caso-de-uso.jpg>
Package pdftex.def Info: imagenes/caso-de-uso.jpg  used on input line 156.
(pdftex.def)             Requested size: 145.29245pt x 79.79791pt.
<imagenes/actor.jpg, id=538, 69.25874pt x 98.61844pt>
File: imagenes/actor.jpg Graphic file (type jpg)
<use imagenes/actor.jpg>
Package pdftex.def Info: imagenes/actor.jpg  used on input line 167.
(pdftex.def)             Requested size: 69.25856pt x 98.61818pt.
<imagenes/clase-activa.jpg, id=539, 124.96687pt x 113.67468pt>
File: imagenes/clase-activa.jpg Graphic file (type jpg)
<use imagenes/clase-activa.jpg>
Package pdftex.def Info: imagenes/clase-activa.jpg  used on input line 178.
(pdftex.def)             Requested size: 124.96657pt x 113.6744pt.
LaTeX Info: Redefining \. on input line 183.
LaTeX Info: Redefining \% on input line 183.
LaTeX Info: Redefining \. on input line 183.
LaTeX Info: Redefining \% on input line 183.
 [11 <./imagenes/colaboracion.jpg> <./imagenes/caso-de-uso.jpg> <./imagenes/act
or.jpg>]
<imagenes/componente.jpg, id=545, 157.33781pt x 88.07906pt>
File: imagenes/componente.jpg Graphic file (type jpg)
<use imagenes/componente.jpg>
Package pdftex.def Info: imagenes/componente.jpg  used on input line 189.
(pdftex.def)             Requested size: 157.33742pt x 88.07883pt.
<imagenes/nodo.jpg, id=546, 97.11281pt x 73.02281pt>
File: imagenes/nodo.jpg Graphic file (type jpg)
<use imagenes/nodo.jpg>
Package pdftex.def Info: imagenes/nodo.jpg  used on input line 200.
(pdftex.def)             Requested size: 97.11256pt x 73.02261pt.

Underfull \vbox (badness 1259) has occurred while \output is active []

LaTeX Info: Redefining \. on input line 209.
LaTeX Info: Redefining \% on input line 209.
LaTeX Info: Redefining \. on input line 209.
LaTeX Info: Redefining \% on input line 209.
 [12 <./imagenes/clase-activa.jpg> <./imagenes/componente.jpg> <./imagenes/nodo
.jpg>]
<imagenes/interaccion.jpg, id=551, 165.61874pt x 57.96657pt>
File: imagenes/interaccion.jpg Graphic file (type jpg)
<use imagenes/interaccion.jpg>
Package pdftex.def Info: imagenes/interaccion.jpg  used on input line 214.
(pdftex.def)             Requested size: 165.61833pt x 57.96642pt.
<imagenes/maquina-de-estado.jpg, id=552, 134.00063pt x 87.32625pt>
File: imagenes/maquina-de-estado.jpg Graphic file (type jpg)
<use imagenes/maquina-de-estado.jpg>
Package pdftex.def Info: imagenes/maquina-de-estado.jpg  used on input line 225
.
(pdftex.def)             Requested size: 134.00027pt x 87.32603pt.
<imagenes/paquete.jpg, id=553, 85.06781pt x 51.94406pt>
File: imagenes/paquete.jpg Graphic file (type jpg)
<use imagenes/paquete.jpg>
Package pdftex.def Info: imagenes/paquete.jpg  used on input line 236.
(pdftex.def)             Requested size: 85.0676pt x 51.94392pt.
LaTeX Info: Redefining \. on input line 241.
LaTeX Info: Redefining \% on input line 241.
LaTeX Info: Redefining \. on input line 241.
LaTeX Info: Redefining \% on input line 241.

[13 <./imagenes/interaccion.jpg> <./imagenes/maquina-de-estado.jpg>]
<imagenes/nota.jpg, id=558, 91.84312pt x 71.51718pt>
File: imagenes/nota.jpg Graphic file (type jpg)
<use imagenes/nota.jpg>
Package pdftex.def Info: imagenes/nota.jpg  used on input line 247.
(pdftex.def)             Requested size: 91.84288pt x 71.517pt.
<imagenes/dependencia.jpg, id=559, 174.6525pt x 42.1575pt>
File: imagenes/dependencia.jpg Graphic file (type jpg)
<use imagenes/dependencia.jpg>
Package pdftex.def Info: imagenes/dependencia.jpg  used on input line 261.
(pdftex.def)             Requested size: 174.65207pt x 42.15738pt.
LaTeX Info: Redefining \. on input line 269.
LaTeX Info: Redefining \% on input line 269.
LaTeX Info: Redefining \. on input line 269.
LaTeX Info: Redefining \% on input line 269.
 [14 <./imagenes/paquete.jpg> <./imagenes/nota.jpg> <./imagenes/dependencia.jpg
>]
<imagenes/asociacion.jpg, id=565, 181.42781pt x 67.0003pt>
File: imagenes/asociacion.jpg Graphic file (type jpg)
<use imagenes/asociacion.jpg>
Package pdftex.def Info: imagenes/asociacion.jpg  used on input line 272.
(pdftex.def)             Requested size: 181.42737pt x 67.00012pt.
<imagenes/generalizacion.jpg, id=566, 171.64125pt x 44.41594pt>
File: imagenes/generalizacion.jpg Graphic file (type jpg)
<use imagenes/generalizacion.jpg>
Package pdftex.def Info: imagenes/generalizacion.jpg  used on input line 283.
(pdftex.def)             Requested size: 171.64081pt x 44.41582pt.
<imagenes/realizacion.jpg, id=567, 169.38281pt x 47.42719pt>
File: imagenes/realizacion.jpg Graphic file (type jpg)
<use imagenes/realizacion.jpg>
Package pdftex.def Info: imagenes/realizacion.jpg  used on input line 294.
(pdftex.def)             Requested size: 169.38239pt x 47.42706pt.
LaTeX Info: Redefining \. on input line 303.
LaTeX Info: Redefining \% on input line 303.
LaTeX Info: Redefining \. on input line 303.
LaTeX Info: Redefining \% on input line 303.
 [15 <./imagenes/asociacion.jpg> <./imagenes/generalizacion.jpg> <./imagenes/re
alizacion.jpg>])
LaTeX Info: Redefining \. on input line 62.
LaTeX Info: Redefining \% on input line 62.
LaTeX Info: Redefining \. on input line 62.
LaTeX Info: Redefining \% on input line 62.
 [16]
\openout2 = `capitulos/desarrollo.aux'.

 (capitulos/desarrollo.tex
Cap√≠tulo 4.
[17



])
LaTeX Info: Redefining \. on input line 63.
LaTeX Info: Redefining \% on input line 63.
LaTeX Info: Redefining \. on input line 63.
LaTeX Info: Redefining \% on input line 63.
 [18]
\openout2 = `capitulos/conclusion.aux'.

 (capitulos/conclusion.tex
Cap√≠tulo 5.
) [19



] (main.bbl
LaTeX Info: Redefining \. on input line 1.
LaTeX Info: Redefining \% on input line 1.
LaTeX Info: Redefining \. on input line 1.
LaTeX Info: Redefining \% on input line 1.
 [20


]
Underfull \hbox (badness 1062) in paragraph at lines 49--53
[]\T1/pnc/m/n/12 Sparks, G. (2000).  Una in-tro-duc-cion al uml.  \T1/pnc/m/it/
12 El Mo-de-lo LÛ-gi-co. Re-
 []

) [21]
\openout2 = `capitulos/anexos.aux'.

 (capitulos/anexos.tex
LaTeX Info: Redefining \. on input line 1.
LaTeX Info: Redefining \% on input line 1.
LaTeX Info: Redefining \. on input line 1.
LaTeX Info: Redefining \% on input line 1.
 [22


]) [23]
Package atveryend Info: Empty hook `BeforeClearDocument' on input line 69.
Package atveryend Info: Empty hook `AfterLastShipout' on input line 69.
 (main.aux (portada.aux)
LaTeX Info: Redefining \. on input line 22.
LaTeX Info: Redefining \% on input line 22.

(agradecimientos.aux) (resumen.aux) (capitulos/introduccion.aux)
(capitulos/estado-del-arte.aux) (capitulos/marco-contextual.aux)
(capitulos/desarrollo.aux) (capitulos/conclusion.aux) (capitulos/anexos.aux))
Package atveryend Info: Executing hook `AtVeryEndDocument' on input line 69.
Package atveryend Info: Executing hook `AtEndAfterFileList' on input line 69.
Package rerunfilecheck Info: File `main.out' has not changed.
(rerunfilecheck)             Checksum: 00E4061E78A52B64A33BB0567987AF14;4603.
 ) 
Here is how much of TeX's memory you used:
 12884 strings out of 481565
 200457 string characters out of 2911351
 521317 words of memory out of 3000000
 27630 multiletter control sequences out of 15000+200000
 575665 words of font info for 67 fonts, out of 3000000 for 9000
 1141 hyphenation exceptions out of 8191
 41i,25n,47p,943b,685s stack positions out of 5000i,500n,10000p,200000b,50000s
{C:/Users/PROPIETARIO/AppData/Local/Programs/MiKTeX 2.9/fonts/enc/dvips/base/
8r.enc} <C:\Users\PROPIETARIO\AppData\Local\MiKTeX\2.9\fonts/pk/ljfour/jknappen
/ec/dpi600\tcrm1200.pk><C:/Users/PROPIETARIO/AppData/Local/Programs/MiKTeX 2.9/
fonts/type1/urw/ncntrsbk/uncb8a.pfb><C:/Users/PROPIETARIO/AppData/Local/Program
s/MiKTeX 2.9/fonts/type1/urw/ncntrsbk/uncbi8a.pfb><C:/Users/PROPIETARIO/AppData
/Local/Programs/MiKTeX 2.9/fonts/type1/urw/ncntrsbk/uncr8a.pfb><C:/Users/PROPIE
TARIO/AppData/Local/Programs/MiKTeX 2.9/fonts/type1/urw/ncntrsbk/uncri8a.pfb>
Output written on main.pdf (34 pages, 447690 bytes).
PDF statistics:
 658 PDF objects out of 1000 (max. 8388607)
 145 named destinations out of 1000 (max. 500000)
 643 words of extra memory for PDF output out of 10000 (max. 10000000)

