\BOOKMARK [0][-]{chapter*.3}{Agradecimientos}{}% 1
\BOOKMARK [0][-]{chapter*.4}{Resumen}{}% 2
\BOOKMARK [0][-]{chapter.1}{Introducci\363n}{}% 3
\BOOKMARK [1][-]{section.1.1}{Antecedentes}{chapter.1}% 4
\BOOKMARK [1][-]{section.1.2}{Problem\341tica}{chapter.1}% 5
\BOOKMARK [1][-]{section.1.3}{Objetivo general}{chapter.1}% 6
\BOOKMARK [1][-]{section.1.4}{Objetivos espec\355ficos}{chapter.1}% 7
\BOOKMARK [1][-]{section.1.5}{Justificaci\363n}{chapter.1}% 8
\BOOKMARK [0][-]{chapter.2}{Estado del arte}{}% 9
\BOOKMARK [1][-]{section.2.1}{ERP}{chapter.2}% 10
\BOOKMARK [1][-]{section.2.2}{ERP actuales}{chapter.2}% 11
\BOOKMARK [0][-]{chapter.3}{Marco contextual}{}% 12
\BOOKMARK [1][-]{section.3.1}{Ingenier\355a de software}{chapter.3}% 13
\BOOKMARK [1][-]{section.3.2}{Programaci\363n Extrema \(eXtreme Programming\)}{chapter.3}% 14
\BOOKMARK [2][-]{subsection.3.2.1}{Agilid\341d}{section.3.2}% 15
\BOOKMARK [2][-]{subsection.3.2.2}{Programaci\363n Extrema}{section.3.2}% 16
\BOOKMARK [2][-]{subsection.3.2.3}{Proceso XP}{section.3.2}% 17
\BOOKMARK [2][-]{subsection.3.2.4}{Historias de usuario}{section.3.2}% 18
\BOOKMARK [2][-]{subsection.3.2.5}{Roles en XP}{section.3.2}% 19
\BOOKMARK [1][-]{section.3.3}{Lenguaje de Modelado Unificado \(UML\)}{chapter.3}% 20
\BOOKMARK [1][-]{section.3.4}{Notaci\363n}{chapter.3}% 21
\BOOKMARK [2][-]{subsection.3.4.1}{Vistas}{section.3.4}% 22
\BOOKMARK [2][-]{subsection.3.4.2}{Modelos}{section.3.4}% 23
\BOOKMARK [1][-]{section.3.5}{Elementos estructurales}{chapter.3}% 24
\BOOKMARK [2][-]{subsection.3.5.1}{Clases}{section.3.5}% 25
\BOOKMARK [2][-]{subsection.3.5.2}{Interfaz}{section.3.5}% 26
\BOOKMARK [2][-]{subsection.3.5.3}{Colaboraci\363n}{section.3.5}% 27
\BOOKMARK [2][-]{subsection.3.5.4}{Casos de uso}{section.3.5}% 28
\BOOKMARK [2][-]{subsection.3.5.5}{Actor}{section.3.5}% 29
\BOOKMARK [2][-]{subsection.3.5.6}{Clase activa}{section.3.5}% 30
\BOOKMARK [2][-]{subsection.3.5.7}{Componentes}{section.3.5}% 31
\BOOKMARK [2][-]{subsection.3.5.8}{Nodos}{section.3.5}% 32
\BOOKMARK [1][-]{section.3.6}{Elementos de comportamiento}{chapter.3}% 33
\BOOKMARK [2][-]{subsection.3.6.1}{Interacci\363n}{section.3.6}% 34
\BOOKMARK [2][-]{subsection.3.6.2}{M\341quinas de estado}{section.3.6}% 35
\BOOKMARK [1][-]{section.3.7}{Elementos de agrupaci\363n}{chapter.3}% 36
\BOOKMARK [1][-]{section.3.8}{Elementos de anotaci\363n}{chapter.3}% 37
\BOOKMARK [1][-]{section.3.9}{Relaciones}{chapter.3}% 38
\BOOKMARK [2][-]{subsection.3.9.1}{Dependencia}{section.3.9}% 39
\BOOKMARK [2][-]{subsection.3.9.2}{Asociaci\363n}{section.3.9}% 40
\BOOKMARK [2][-]{subsection.3.9.3}{Generalizaci\363n}{section.3.9}% 41
\BOOKMARK [2][-]{subsection.3.9.4}{Realizaci\363n}{section.3.9}% 42
\BOOKMARK [1][-]{section.3.10}{Diagramas}{chapter.3}% 43
\BOOKMARK [2][-]{subsection.3.10.1}{Diagrama de clases}{section.3.10}% 44
\BOOKMARK [2][-]{subsection.3.10.2}{Diagrama de secuencia y colaboraci\363n}{section.3.10}% 45
\BOOKMARK [2][-]{subsection.3.10.3}{Diagrama de casos de uso}{section.3.10}% 46
\BOOKMARK [2][-]{subsection.3.10.4}{Diagrama de estructura}{section.3.10}% 47
\BOOKMARK [1][-]{section.3.11}{Sistema de informaci\363n}{chapter.3}% 48
\BOOKMARK [2][-]{subsection.3.11.1}{Sistema}{section.3.11}% 49
\BOOKMARK [2][-]{subsection.3.11.2}{Informaci\363n}{section.3.11}% 50
\BOOKMARK [1][-]{section.3.12}{Modelo Entidad-Relaci\363n}{chapter.3}% 51
\BOOKMARK [0][-]{chapter.4}{Desarrollo de Actividades}{}% 52
\BOOKMARK [1][-]{section.4.1}{Metodolog\355a propuesta}{chapter.4}% 53
\BOOKMARK [2][-]{subsection.4.1.1}{Justificaci\363n}{section.4.1}% 54
\BOOKMARK [1][-]{section.4.2}{Etapas del proyecto}{chapter.4}% 55
\BOOKMARK [1][-]{section.4.3}{Historias de usuario}{chapter.4}% 56
\BOOKMARK [1][-]{section.4.4}{Requerimientos}{chapter.4}% 57
\BOOKMARK [2][-]{subsection.4.4.1}{Requerimientos funcionales}{section.4.4}% 58
\BOOKMARK [2][-]{subsection.4.4.2}{Requerimientos no funcionales}{section.4.4}% 59
\BOOKMARK [1][-]{section.4.5}{Recursos}{chapter.4}% 60
\BOOKMARK [2][-]{subsection.4.5.1}{Recursos tecnol\363gicos}{section.4.5}% 61
\BOOKMARK [2][-]{subsection.4.5.2}{Recursos humanos}{section.4.5}% 62
\BOOKMARK [1][-]{section.4.6}{Dise\361o}{chapter.4}% 63
\BOOKMARK [2][-]{subsection.4.6.1}{Dise\361o del sistema de escritorio}{section.4.6}% 64
\BOOKMARK [2][-]{subsection.4.6.2}{Dise\361o del sistema de android}{section.4.6}% 65
\BOOKMARK [1][-]{section.4.7}{Codificaci\363n}{chapter.4}% 66
\BOOKMARK [1][-]{section.4.8}{Pruebas}{chapter.4}% 67
\BOOKMARK [0][-]{chapter.5}{Conclusi\363nes y perspectivas de trabajo}{}% 68
\BOOKMARK [0][-]{chapter*.28}{Anexos}{}% 69
